<?xml version="1.0" encoding="UTF-8"?>
<!-- Generated by org.testng.reporters.JUnitXMLReporter -->
<testsuite hostname="Gideon-PC" ignored="5" name="Default test" tests="1" failures="0" timestamp="08 Dec 2017 03:32:27 GMT" time="2.022" errors="0">
  <testcase name="testConfirmAdminUserExist" time="1.123" classname="edu.ust.seis.pos.test.IntegrationTest"/>
  <testcase name="testDataStoreWrite" time="0.0" classname="edu.ust.seis.pos.test.IntegrationTest">
    <ignored/>
  </testcase> <!-- testDataStoreWrite -->
  <testcase name="testLogin" time="0.0" classname="edu.ust.seis.pos.test.IntegrationTest">
    <ignored/>
  </testcase> <!-- testLogin -->
  <testcase name="testNegativeDataStoreUpdate" time="0.0" classname="edu.ust.seis.pos.test.IntegrationTest">
    <ignored/>
  </testcase> <!-- testNegativeDataStoreUpdate -->
  <testcase name="testDataStoreUpdate" time="0.0" classname="edu.ust.seis.pos.test.IntegrationTest">
    <ignored/>
  </testcase> <!-- testDataStoreUpdate -->
  <testcase name="testRegisterCashierUser" time="0.0" classname="edu.ust.seis.pos.test.IntegrationTest">
    <ignored/>
  </testcase> <!-- testRegisterCashierUser -->
</testsuite> <!-- Default test -->
